<?xml version="1.0" encoding="UTF-8"?>
<!-- Generated by org.testng.reporters.JUnitReportReporter -->
<testsuite hostname="APL-PF305N7M" failures="0" tests="1" name="com.exercise3.AgeCalculator" time="55.212" errors="0" timestamp="2023-05-18T17:48:04 IST" skipped="0">
  <testcase classname="com.exercise3.AgeCalculator" name="AgeCalculatorWebsite" time="55.212"/>
  <system-out/>
</testsuite> <!-- com.exercise3.AgeCalculator -->
