<?xml version="1.0" encoding="UTF-8"?>
<!-- Generated by org.testng.reporters.JUnitReportReporter -->
<testsuite hostname="APL-PF305N7M" failures="0" tests="1" name="com.exercise1.OpenCartLogin" time="9.885" errors="0" timestamp="2023-05-18T12:09:15 IST" skipped="0">
  <testcase classname="com.exercise1.OpenCartLogin" name="UserRegistrationProcess" time="9.885"/>
  <system-out/>
</testsuite> <!-- com.exercise1.OpenCartLogin -->
