<?xml version="1.0" encoding="UTF-8"?>
<!-- Generated by org.testng.reporters.JUnitReportReporter -->
<testsuite hostname="APL-PF305N7M" failures="0" tests="1" name="com.exercise2.EaseMyTrip" time="45.714" errors="0" timestamp="2023-05-18T15:04:03 IST" skipped="0">
  <testcase classname="com.exercise2.EaseMyTrip" name="EaseMyTripWebsite" time="45.714"/>
  <system-out/>
</testsuite> <!-- com.exercise2.EaseMyTrip -->
